{"meta": {"format": 3, "version": "7.11.0", "timestamp": "2025-10-16T15:10:29.091898", "branch_coverage": false, "show_contexts": false}, "files": {"src/attention.py": {"executed_lines": [2, 3, 4, 5, 6, 8, 9, 10, 11, 13, 14, 15, 18, 19, 20, 21, 23, 25, 31, 34, 35, 36, 39, 40, 41, 42, 43, 44, 47, 48, 49, 52, 55, 56, 58, 59, 62, 65, 67, 69, 70], "summary": {"covered_lines": 40, "num_statements": 40, "percent_covered": 100.0, "percent_covered_display": "100", "missing_lines": 0, "excluded_lines": 0}, "missing_lines": [], "excluded_lines": [], "functions": {"MultiHeadAttention.__init__": {"executed_lines": [10, 11, 13, 14, 15, 18, 19, 20, 21, 23], "summary": {"covered_lines": 10, "num_statements": 10, "percent_covered": 100.0, "percent_covered_display": "100", "missing_lines": 0, "excluded_lines": 0}, "missing_lines": [], "excluded_lines": []}, "MultiHeadAttention.forward": {"executed_lines": [31, 34, 35, 36, 39, 40, 41, 42, 43, 44, 47, 48, 49, 52, 55, 56, 58, 59, 62, 65], "summary": {"covered_lines": 20, "num_statements": 20, "percent_covered": 100.0, "percent_covered_display": "100", "missing_lines": 0, "excluded_lines": 0}, "missing_lines": [], "excluded_lines": []}, "create_causal_mask": {"executed_lines": [69, 70], "summary": {"covered_lines": 2, "num_statements": 2, "percent_covered": 100.0, "percent_covered_display": "100", "missing_lines": 0, "excluded_lines": 0}, "missing_lines": [], "excluded_lines": []}, "": {"executed_lines": [2, 3, 4, 5, 6, 8, 9, 25, 67], "summary": {"covered_lines": 8, "num_statements": 8, "percent_covered": 100.0, "percent_covered_display": "100", "missing_lines": 0, "excluded_lines": 0}, "missing_lines": [], "excluded_lines": []}}, "classes": {"MultiHeadAttention": {"executed_lines": [10, 11, 13, 14, 15, 18, 19, 20, 21, 23, 31, 34, 35, 36, 39, 40, 41, 42, 43, 44, 47, 48, 49, 52, 55, 56, 58, 59, 62, 65], "summary": {"covered_lines": 30, "num_statements": 30, "percent_covered": 100.0, "percent_covered_display": "100", "missing_lines": 0, "excluded_lines": 0}, "missing_lines": [], "excluded_lines": []}, "": {"executed_lines": [2, 3, 4, 5, 6, 8, 9, 25, 67, 69, 70], "summary": {"covered_lines": 10, "num_statements": 10, "percent_covered": 100.0, "percent_covered_display": "100", "missing_lines": 0, "excluded_lines": 0}, "missing_lines": [], "excluded_lines": []}}}, "src/bench.py": {"executed_lines": [], "summary": {"covered_lines": 0, "num_statements": 52, "percent_covered": 0.0, "percent_covered_display": "0", "missing_lines": 52, "excluded_lines": 0}, "missing_lines": [3, 4, 5, 6, 7, 8, 10, 13, 16, 17, 18, 21, 22, 23, 24, 25, 26, 29, 30, 31, 32, 33, 34, 36, 38, 39, 40, 41, 42, 43, 44, 45, 46, 49, 50, 52, 55, 58, 63, 64, 65, 66, 68, 70, 71, 72, 75, 76, 77, 78, 79, 81], "excluded_lines": [], "functions": {"benchmark_generation": {"executed_lines": [], "summary": {"covered_lines": 0, "num_statements": 17, "percent_covered": 0.0, "percent_covered_display": "0", "missing_lines": 17, "excluded_lines": 0}, "missing_lines": [13, 16, 17, 18, 21, 22, 23, 24, 25, 26, 29, 30, 31, 32, 33, 34, 36], "excluded_lines": []}, "": {"executed_lines": [], "summary": {"covered_lines": 0, "num_statements": 35, "percent_covered": 0.0, "percent_covered_display": "0", "missing_lines": 35, "excluded_lines": 0}, "missing_lines": [3, 4, 5, 6, 7, 8, 10, 38, 39, 40, 41, 42, 43, 44, 45, 46, 49, 50, 52, 55, 58, 63, 64, 65, 66, 68, 70, 71, 72, 75, 76, 77, 78, 79, 81], "excluded_lines": []}}, "classes": {"": {"executed_lines": [], "summary": {"covered_lines": 0, "num_statements": 52, "percent_covered": 0.0, "percent_covered_display": "0", "missing_lines": 52, "excluded_lines": 0}, "missing_lines": [3, 4, 5, 6, 7, 8, 10, 13, 16, 17, 18, 21, 22, 23, 24, 25, 26, 29, 30, 31, 32, 33, 34, 36, 38, 39, 40, 41, 42, 43, 44, 45, 46, 49, 50, 52, 55, 58, 63, 64, 65, 66, 68, 70, 71, 72, 75, 76, 77, 78, 79, 81], "excluded_lines": []}}}, "src/bench_quant.py": {"executed_lines": [], "summary": {"covered_lines": 0, "num_statements": 71, "percent_covered": 0.0, "percent_covered_display": "0", "missing_lines": 71, "excluded_lines": 0}, "missing_lines": [3, 4, 5, 6, 7, 8, 9, 10, 12, 14, 15, 18, 21, 22, 25, 26, 29, 31, 32, 33, 34, 35, 36, 38, 39, 41, 50, 51, 52, 53, 54, 55, 56, 58, 60, 61, 63, 64, 65, 67, 70, 71, 75, 76, 77, 78, 81, 82, 83, 87, 88, 89, 90, 93, 94, 95, 99, 100, 101, 102, 105, 106, 107, 108, 109, 112, 115, 116, 117, 118, 119], "excluded_lines": [], "functions": {"benchmark_quantized_model": {"executed_lines": [], "summary": {"covered_lines": 0, "num_statements": 17, "percent_covered": 0.0, "percent_covered_display": "0", "missing_lines": 17, "excluded_lines": 0}, "missing_lines": [14, 15, 18, 21, 22, 25, 26, 29, 31, 32, 33, 34, 35, 36, 38, 39, 41], "excluded_lines": []}, "": {"executed_lines": [], "summary": {"covered_lines": 0, "num_statements": 54, "percent_covered": 0.0, "percent_covered_display": "0", "missing_lines": 54, "excluded_lines": 0}, "missing_lines": [3, 4, 5, 6, 7, 8, 9, 10, 12, 50, 51, 52, 53, 54, 55, 56, 58, 60, 61, 63, 64, 65, 67, 70, 71, 75, 76, 77, 78, 81, 82, 83, 87, 88, 89, 90, 93, 94, 95, 99, 100, 101, 102, 105, 106, 107, 108, 109, 112, 115, 116, 117, 118, 119], "excluded_lines": []}}, "classes": {"": {"executed_lines": [], "summary": {"covered_lines": 0, "num_statements": 71, "percent_covered": 0.0, "percent_covered_display": "0", "missing_lines": 71, "excluded_lines": 0}, "missing_lines": [3, 4, 5, 6, 7, 8, 9, 10, 12, 14, 15, 18, 21, 22, 25, 26, 29, 31, 32, 33, 34, 35, 36, 38, 39, 41, 50, 51, 52, 53, 54, 55, 56, 58, 60, 61, 63, 64, 65, 67, 70, 71, 75, 76, 77, 78, 81, 82, 83, 87, 88, 89, 90, 93, 94, 95, 99, 100, 101, 102, 105, 106, 107, 108, 109, 112, 115, 116, 117, 118, 119], "excluded_lines": []}}}, "src/eval.py": {"executed_lines": [2, 3, 4, 5, 6, 7, 8, 9, 10, 12, 14, 16, 17, 19, 20, 23, 31, 32, 33, 35, 37, 39, 40, 41, 43, 45, 46, 47, 49, 52, 53, 54, 55, 58, 61, 63, 64, 66, 67, 69, 71], "summary": {"covered_lines": 40, "num_statements": 58, "percent_covered": 68.96551724137932, "percent_covered_display": "69", "missing_lines": 18, "excluded_lines": 0}, "missing_lines": [72, 73, 74, 75, 78, 81, 82, 85, 86, 89, 90, 93, 99, 100, 101, 103, 104, 105], "excluded_lines": [], "functions": {"load_model": {"executed_lines": [14, 16, 17, 19, 20, 23, 31, 32, 33, 35], "summary": {"covered_lines": 10, "num_statements": 10, "percent_covered": 100.0, "percent_covered_display": "100", "missing_lines": 0, "excluded_lines": 0}, "missing_lines": [], "excluded_lines": []}, "load_tokens": {"executed_lines": [39, 40, 41], "summary": {"covered_lines": 3, "num_statements": 3, "percent_covered": 100.0, "percent_covered_display": "100", "missing_lines": 0, "excluded_lines": 0}, "missing_lines": [], "excluded_lines": []}, "calculate_perplexity": {"executed_lines": [45, 46, 47, 49, 52, 53, 54, 55, 58, 61, 63, 64, 66, 67, 69], "summary": {"covered_lines": 15, "num_statements": 15, "percent_covered": 100.0, "percent_covered_display": "100", "missing_lines": 0, "excluded_lines": 0}, "missing_lines": [], "excluded_lines": []}, "": {"executed_lines": [2, 3, 4, 5, 6, 7, 8, 9, 10, 12, 37, 43, 71], "summary": {"covered_lines": 12, "num_statements": 30, "percent_covered": 40.0, "percent_covered_display": "40", "missing_lines": 18, "excluded_lines": 0}, "missing_lines": [72, 73, 74, 75, 78, 81, 82, 85, 86, 89, 90, 93, 99, 100, 101, 103, 104, 105], "excluded_lines": []}}, "classes": {"": {"executed_lines": [2, 3, 4, 5, 6, 7, 8, 9, 10, 12, 14, 16, 17, 19, 20, 23, 31, 32, 33, 35, 37, 39, 40, 41, 43, 45, 46, 47, 49, 52, 53, 54, 55, 58, 61, 63, 64, 66, 67, 69, 71], "summary": {"covered_lines": 40, "num_statements": 58, "percent_covered": 68.96551724137932, "percent_covered_display": "69", "missing_lines": 18, "excluded_lines": 0}, "missing_lines": [72, 73, 74, 75, 78, 81, 82, 85, 86, 89, 90, 93, 99, 100, 101, 103, 104, 105], "excluded_lines": []}}}, "src/generate.py": {"executed_lines": [2, 3, 4, 5, 7, 9, 10, 11, 13, 14, 16, 17, 19, 22, 23, 26, 27, 30, 32, 33, 35, 37, 39, 40, 42, 43, 45, 46, 49, 50, 53, 55, 56, 58, 60, 96], "summary": {"covered_lines": 35, "num_statements": 71, "percent_covered": 49.29577464788732, "percent_covered_display": "49", "missing_lines": 36, "excluded_lines": 0}, "missing_lines": [62, 63, 66, 67, 70, 71, 72, 73, 74, 77, 78, 79, 80, 81, 83, 97, 98, 99, 101, 102, 103, 104, 105, 106, 109, 110, 113, 114, 117, 120, 121, 123, 124, 125, 127, 128], "excluded_lines": [], "functions": {"generate_with_cache": {"executed_lines": [9, 10, 11, 13, 14, 16, 17, 19, 22, 23, 26, 27, 30, 32, 33, 35], "summary": {"covered_lines": 16, "num_statements": 16, "percent_covered": 100.0, "percent_covered_display": "100", "missing_lines": 0, "excluded_lines": 0}, "missing_lines": [], "excluded_lines": []}, "generate_without_cache": {"executed_lines": [39, 40, 42, 43, 45, 46, 49, 50, 53, 55, 56, 58], "summary": {"covered_lines": 12, "num_statements": 12, "percent_covered": 100.0, "percent_covered_display": "100", "missing_lines": 0, "excluded_lines": 0}, "missing_lines": [], "excluded_lines": []}, "benchmark_generation": {"executed_lines": [], "summary": {"covered_lines": 0, "num_statements": 15, "percent_covered": 0.0, "percent_covered_display": "0", "missing_lines": 15, "excluded_lines": 0}, "missing_lines": [62, 63, 66, 67, 70, 71, 72, 73, 74, 77, 78, 79, 80, 81, 83], "excluded_lines": []}, "": {"executed_lines": [2, 3, 4, 5, 7, 37, 60, 96], "summary": {"covered_lines": 7, "num_statements": 28, "percent_covered": 25.0, "percent_covered_display": "25", "missing_lines": 21, "excluded_lines": 0}, "missing_lines": [97, 98, 99, 101, 102, 103, 104, 105, 106, 109, 110, 113, 114, 117, 120, 121, 123, 124, 125, 127, 128], "excluded_lines": []}}, "classes": {"": {"executed_lines": [2, 3, 4, 5, 7, 9, 10, 11, 13, 14, 16, 17, 19, 22, 23, 26, 27, 30, 32, 33, 35, 37, 39, 40, 42, 43, 45, 46, 49, 50, 53, 55, 56, 58, 60, 96], "summary": {"covered_lines": 35, "num_statements": 71, "percent_covered": 49.29577464788732, "percent_covered_display": "49", "missing_lines": 36, "excluded_lines": 0}, "missing_lines": [62, 63, 66, 67, 70, 71, 72, 73, 74, 77, 78, 79, 80, 81, 83, 97, 98, 99, 101, 102, 103, 104, 105, 106, 109, 110, 113, 114, 117, 120, 121, 123, 124, 125, 127, 128], "excluded_lines": []}}}, "src/plot.py": {"executed_lines": [], "summary": {"covered_lines": 0, "num_statements": 32, "percent_covered": 0.0, "percent_covered_display": "0", "missing_lines": 32, "excluded_lines": 0}, "missing_lines": [3, 4, 5, 6, 8, 10, 11, 12, 13, 14, 21, 22, 23, 25, 27, 28, 29, 30, 31, 32, 33, 34, 36, 37, 38, 39, 41, 42, 43, 44, 45, 47], "excluded_lines": [], "functions": {"plot_benchmarks": {"executed_lines": [], "summary": {"covered_lines": 0, "num_statements": 21, "percent_covered": 0.0, "percent_covered_display": "0", "missing_lines": 21, "excluded_lines": 0}, "missing_lines": [10, 11, 12, 13, 14, 21, 22, 23, 25, 27, 28, 29, 30, 31, 32, 33, 34, 36, 37, 38, 39], "excluded_lines": []}, "": {"executed_lines": [], "summary": {"covered_lines": 0, "num_statements": 11, "percent_covered": 0.0, "percent_covered_display": "0", "missing_lines": 11, "excluded_lines": 0}, "missing_lines": [3, 4, 5, 6, 8, 41, 42, 43, 44, 45, 47], "excluded_lines": []}}, "classes": {"": {"executed_lines": [], "summary": {"covered_lines": 0, "num_statements": 32, "percent_covered": 0.0, "percent_covered_display": "0", "missing_lines": 32, "excluded_lines": 0}, "missing_lines": [3, 4, 5, 6, 8, 10, 11, 12, 13, 14, 21, 22, 23, 25, 27, 28, 29, 30, 31, 32, 33, 34, 36, 37, 38, 39, 41, 42, 43, 44, 45, 47], "excluded_lines": []}}}, "src/plot_quant.py": {"executed_lines": [], "summary": {"covered_lines": 0, "num_statements": 42, "percent_covered": 0.0, "percent_covered_display": "0", "missing_lines": 42, "excluded_lines": 0}, "missing_lines": [3, 4, 5, 6, 8, 10, 11, 12, 13, 14, 22, 23, 24, 25, 26, 28, 31, 34, 35, 36, 37, 40, 41, 42, 43, 46, 47, 48, 49, 51, 52, 53, 55, 56, 57, 58, 60, 61, 62, 63, 64, 66], "excluded_lines": [], "functions": {"plot_quant_benchmarks": {"executed_lines": [], "summary": {"covered_lines": 0, "num_statements": 31, "percent_covered": 0.0, "percent_covered_display": "0", "missing_lines": 31, "excluded_lines": 0}, "missing_lines": [10, 11, 12, 13, 14, 22, 23, 24, 25, 26, 28, 31, 34, 35, 36, 37, 40, 41, 42, 43, 46, 47, 48, 49, 51, 52, 53, 55, 56, 57, 58], "excluded_lines": []}, "": {"executed_lines": [], "summary": {"covered_lines": 0, "num_statements": 11, "percent_covered": 0.0, "percent_covered_display": "0", "missing_lines": 11, "excluded_lines": 0}, "missing_lines": [3, 4, 5, 6, 8, 60, 61, 62, 63, 64, 66], "excluded_lines": []}}, "classes": {"": {"executed_lines": [], "summary": {"covered_lines": 0, "num_statements": 42, "percent_covered": 0.0, "percent_covered_display": "0", "missing_lines": 42, "excluded_lines": 0}, "missing_lines": [3, 4, 5, 6, 8, 10, 11, 12, 13, 14, 22, 23, 24, 25, 26, 28, 31, 34, 35, 36, 37, 40, 41, 42, 43, 46, 47, 48, 49, 51, 52, 53, 55, 56, 57, 58, 60, 61, 62, 63, 64, 66], "excluded_lines": []}}}, "src/quant.py": {"executed_lines": [2, 3, 4, 5, 7, 10, 11, 14, 16, 18, 20, 22, 25, 26, 29, 31, 33, 35, 37, 38, 39, 40, 41, 42, 43, 44, 47, 49, 51, 52, 56, 58, 60, 63, 64, 65, 67, 68, 70, 71, 76, 77, 79, 81, 82, 84, 86, 87, 89, 90, 91, 94, 95, 103, 106, 107, 108, 109, 110, 111, 115, 117, 118, 120], "summary": {"covered_lines": 62, "num_statements": 87, "percent_covered": 71.26436781609195, "percent_covered_display": "71", "missing_lines": 25, "excluded_lines": 0}, "missing_lines": [46, 54, 73, 96, 97, 98, 99, 101, 113, 122, 123, 125, 126, 127, 128, 131, 132, 135, 136, 139, 140, 142, 143, 144, 145], "excluded_lines": [], "functions": {"quantize_tensor_int8": {"executed_lines": [10, 11, 14, 16], "summary": {"covered_lines": 4, "num_statements": 4, "percent_covered": 100.0, "percent_covered_display": "100", "missing_lines": 0, "excluded_lines": 0}, "missing_lines": [], "excluded_lines": []}, "dequantize_tensor_int8": {"executed_lines": [20], "summary": {"covered_lines": 1, "num_statements": 1, "percent_covered": 100.0, "percent_covered_display": "100", "missing_lines": 0, "excluded_lines": 0}, "missing_lines": [], "excluded_lines": []}, "quantize_tensor_int4": {"executed_lines": [25, 26, 29, 31], "summary": {"covered_lines": 4, "num_statements": 4, "percent_covered": 100.0, "percent_covered_display": "100", "missing_lines": 0, "excluded_lines": 0}, "missing_lines": [], "excluded_lines": []}, "dequantize_tensor_int4": {"executed_lines": [35], "summary": {"covered_lines": 1, "num_statements": 1, "percent_covered": 100.0, "percent_covered_display": "100", "missing_lines": 0, "excluded_lines": 0}, "missing_lines": [], "excluded_lines": []}, "QuantizedLinear.__init__": {"executed_lines": [40, 41, 42, 43, 44, 47], "summary": {"covered_lines": 6, "num_statements": 7, "percent_covered": 85.71428571428571, "percent_covered_display": "86", "missing_lines": 1, "excluded_lines": 0}, "missing_lines": [46], "excluded_lines": []}, "QuantizedLinear.forward": {"executed_lines": [51, 52, 56], "summary": {"covered_lines": 3, "num_statements": 4, "percent_covered": 75.0, "percent_covered_display": "75", "missing_lines": 1, "excluded_lines": 0}, "missing_lines": [54], "excluded_lines": []}, "quantize_model": {"executed_lines": [60, 63, 81, 82], "summary": {"covered_lines": 4, "num_statements": 4, "percent_covered": 100.0, "percent_covered_display": "100", "missing_lines": 0, "excluded_lines": 0}, "missing_lines": [], "excluded_lines": []}, "quantize_model.quantize_module": {"executed_lines": [64, 65, 67, 68, 70, 71, 76, 77, 79], "summary": {"covered_lines": 9, "num_statements": 10, "percent_covered": 90.0, "percent_covered_display": "90", "missing_lines": 1, "excluded_lines": 0}, "missing_lines": [73], "excluded_lines": []}, "get_model_size": {"executed_lines": [86, 87, 89, 90, 91, 94, 95, 103, 106, 107, 108, 109, 110, 111, 115, 117, 118], "summary": {"covered_lines": 17, "num_statements": 23, "percent_covered": 73.91304347826087, "percent_covered_display": "74", "missing_lines": 6, "excluded_lines": 0}, "missing_lines": [96, 97, 98, 99, 101, 113], "excluded_lines": []}, "": {"executed_lines": [2, 3, 4, 5, 7, 18, 22, 33, 37, 38, 39, 49, 58, 84, 120], "summary": {"covered_lines": 13, "num_statements": 29, "percent_covered": 44.827586206896555, "percent_covered_display": "45", "missing_lines": 16, "excluded_lines": 0}, "missing_lines": [122, 123, 125, 126, 127, 128, 131, 132, 135, 136, 139, 140, 142, 143, 144, 145], "excluded_lines": []}}, "classes": {"QuantizedLinear": {"executed_lines": [40, 41, 42, 43, 44, 47, 51, 52, 56], "summary": {"covered_lines": 9, "num_statements": 11, "percent_covered": 81.81818181818181, "percent_covered_display": "82", "missing_lines": 2, "excluded_lines": 0}, "missing_lines": [46, 54], "excluded_lines": []}, "": {"executed_lines": [2, 3, 4, 5, 7, 10, 11, 14, 16, 18, 20, 22, 25, 26, 29, 31, 33, 35, 37, 38, 39, 49, 58, 60, 63, 64, 65, 67, 68, 70, 71, 76, 77, 79, 81, 82, 84, 86, 87, 89, 90, 91, 94, 95, 103, 106, 107, 108, 109, 110, 111, 115, 117, 118, 120], "summary": {"covered_lines": 53, "num_statements": 76, "percent_covered": 69.73684210526316, "percent_covered_display": "70", "missing_lines": 23, "excluded_lines": 0}, "missing_lines": [73, 96, 97, 98, 99, 101, 113, 122, 123, 125, 126, 127, 128, 131, 132, 135, 136, 139, 140, 142, 143, 144, 145], "excluded_lines": []}}}, "src/tokenizer.py": {"executed_lines": [2, 3, 4, 6, 9, 10, 13, 16, 17, 20, 23, 24, 25, 28, 31, 32, 33, 35, 36, 37, 39], "summary": {"covered_lines": 20, "num_statements": 27, "percent_covered": 74.07407407407408, "percent_covered_display": "74", "missing_lines": 7, "excluded_lines": 0}, "missing_lines": [40, 41, 42, 43, 44, 45, 47], "excluded_lines": [], "functions": {"tokenize_corpus": {"executed_lines": [9, 10, 13, 16, 17, 20, 23, 24, 25, 28, 31, 32, 33, 35, 36, 37], "summary": {"covered_lines": 16, "num_statements": 16, "percent_covered": 100.0, "percent_covered_display": "100", "missing_lines": 0, "excluded_lines": 0}, "missing_lines": [], "excluded_lines": []}, "": {"executed_lines": [2, 3, 4, 6, 39], "summary": {"covered_lines": 4, "num_statements": 11, "percent_covered": 36.36363636363637, "percent_covered_display": "36", "missing_lines": 7, "excluded_lines": 0}, "missing_lines": [40, 41, 42, 43, 44, 45, 47], "excluded_lines": []}}, "classes": {"": {"executed_lines": [2, 3, 4, 6, 9, 10, 13, 16, 17, 20, 23, 24, 25, 28, 31, 32, 33, 35, 36, 37, 39], "summary": {"covered_lines": 20, "num_statements": 27, "percent_covered": 74.07407407407408, "percent_covered_display": "74", "missing_lines": 7, "excluded_lines": 0}, "missing_lines": [40, 41, 42, 43, 44, 45, 47], "excluded_lines": []}}}, "src/train.py": {"executed_lines": [2, 3, 4, 5, 6, 7, 8, 9, 11, 13, 14, 15, 17, 19, 20, 22, 24, 25, 26, 27, 28, 30, 32, 33, 35, 37, 38, 40, 42, 44, 46, 47, 49, 50, 52, 54, 57, 58, 61, 64, 67, 70, 71, 74, 77, 79, 80, 84, 86, 87, 88, 90, 93, 94, 97, 106, 107, 109, 111], "summary": {"covered_lines": 58, "num_statements": 78, "percent_covered": 74.35897435897436, "percent_covered_display": "74", "missing_lines": 20, "excluded_lines": 0}, "missing_lines": [59, 82, 112, 113, 114, 115, 116, 117, 118, 119, 120, 123, 124, 127, 128, 129, 132, 133, 136, 139], "excluded_lines": [], "functions": {"load_tokens": {"executed_lines": [13, 14, 15], "summary": {"covered_lines": 3, "num_statements": 3, "percent_covered": 100.0, "percent_covered_display": "100", "missing_lines": 0, "excluded_lines": 0}, "missing_lines": [], "excluded_lines": []}, "create_batches": {"executed_lines": [19, 20, 22, 24, 25, 26, 27, 28], "summary": {"covered_lines": 8, "num_statements": 8, "percent_covered": 100.0, "percent_covered_display": "100", "missing_lines": 0, "excluded_lines": 0}, "missing_lines": [], "excluded_lines": []}, "warmup_lr_schedule": {"executed_lines": [32, 33, 35, 37, 38, 40], "summary": {"covered_lines": 6, "num_statements": 6, "percent_covered": 100.0, "percent_covered_display": "100", "missing_lines": 0, "excluded_lines": 0}, "missing_lines": [], "excluded_lines": []}, "train": {"executed_lines": [44, 46, 47, 49, 50, 52, 54, 57, 58, 61, 64, 67, 70, 71, 74, 77, 79, 80], "summary": {"covered_lines": 18, "num_statements": 20, "percent_covered": 90.0, "percent_covered_display": "90", "missing_lines": 2, "excluded_lines": 0}, "missing_lines": [59, 82], "excluded_lines": []}, "save_model": {"executed_lines": [86, 87, 88, 90, 93, 94, 97, 106, 107, 109], "summary": {"covered_lines": 10, "num_statements": 10, "percent_covered": 100.0, "percent_covered_display": "100", "missing_lines": 0, "excluded_lines": 0}, "missing_lines": [], "excluded_lines": []}, "": {"executed_lines": [2, 3, 4, 5, 6, 7, 8, 9, 11, 17, 30, 42, 84, 111], "summary": {"covered_lines": 13, "num_statements": 31, "percent_covered": 41.935483870967744, "percent_covered_display": "42", "missing_lines": 18, "excluded_lines": 0}, "missing_lines": [112, 113, 114, 115, 116, 117, 118, 119, 120, 123, 124, 127, 128, 129, 132, 133, 136, 139], "excluded_lines": []}}, "classes": {"": {"executed_lines": [2, 3, 4, 5, 6, 7, 8, 9, 11, 13, 14, 15, 17, 19, 20, 22, 24, 25, 26, 27, 28, 30, 32, 33, 35, 37, 38, 40, 42, 44, 46, 47, 49, 50, 52, 54, 57, 58, 61, 64, 67, 70, 71, 74, 77, 79, 80, 84, 86, 87, 88, 90, 93, 94, 97, 106, 107, 109, 111], "summary": {"covered_lines": 58, "num_statements": 78, "percent_covered": 74.35897435897436, "percent_covered_display": "74", "missing_lines": 20, "excluded_lines": 0}, "missing_lines": [59, 82, 112, 113, 114, 115, 116, 117, 118, 119, 120, 123, 124, 127, 128, 129, 132, 133, 136, 139], "excluded_lines": []}}}, "src/transformer.py": {"executed_lines": [2, 3, 4, 5, 6, 7, 9, 10, 11, 12, 13, 15, 16, 18, 20, 22, 23, 24, 25, 27, 28, 29, 30, 32, 33, 34, 35, 37, 38, 39, 40, 42, 44, 45, 47, 48, 49, 50, 51, 52, 53, 55, 56, 58, 59, 60, 61, 62, 63, 64, 65, 67, 69, 71, 72, 74, 75, 76, 77, 78, 79, 80, 81, 84, 87, 90, 93, 95, 99, 102, 103, 106, 107, 110, 113, 115], "summary": {"covered_lines": 71, "num_statements": 71, "percent_covered": 100.0, "percent_covered_display": "100", "missing_lines": 0, "excluded_lines": 0}, "missing_lines": [], "excluded_lines": [], "functions": {"PositionalEncoding.__init__": {"executed_lines": [12, 13, 15, 16, 18, 20], "summary": {"covered_lines": 6, "num_statements": 6, "percent_covered": 100.0, "percent_covered_display": "100", "missing_lines": 0, "excluded_lines": 0}, "missing_lines": [], "excluded_lines": []}, "PositionalEncoding._sinusoidal": {"executed_lines": [23, 24, 25, 27, 28, 29, 30], "summary": {"covered_lines": 7, "num_statements": 7, "percent_covered": 100.0, "percent_covered_display": "100", "missing_lines": 0, "excluded_lines": 0}, "missing_lines": [], "excluded_lines": []}, "PositionalEncoding._rope": {"executed_lines": [33, 34, 35, 37, 38, 39, 40], "summary": {"covered_lines": 7, "num_statements": 7, "percent_covered": 100.0, "percent_covered_display": "100", "missing_lines": 0, "excluded_lines": 0}, "missing_lines": [], "excluded_lines": []}, "PositionalEncoding.forward": {"executed_lines": [44, 45], "summary": {"covered_lines": 2, "num_statements": 2, "percent_covered": 100.0, "percent_covered_display": "100", "missing_lines": 0, "excluded_lines": 0}, "missing_lines": [], "excluded_lines": []}, "FeedForward.__init__": {"executed_lines": [50, 51, 52, 53], "summary": {"covered_lines": 4, "num_statements": 4, "percent_covered": 100.0, "percent_covered_display": "100", "missing_lines": 0, "excluded_lines": 0}, "missing_lines": [], "excluded_lines": []}, "FeedForward.forward": {"executed_lines": [56], "summary": {"covered_lines": 1, "num_statements": 1, "percent_covered": 100.0, "percent_covered_display": "100", "missing_lines": 0, "excluded_lines": 0}, "missing_lines": [], "excluded_lines": []}, "TransformerBlock.__init__": {"executed_lines": [61, 62, 63, 64, 65], "summary": {"covered_lines": 5, "num_statements": 5, "percent_covered": 100.0, "percent_covered_display": "100", "missing_lines": 0, "excluded_lines": 0}, "missing_lines": [], "excluded_lines": []}, "TransformerBlock.forward": {"executed_lines": [69, 71, 72], "summary": {"covered_lines": 3, "num_statements": 3, "percent_covered": 100.0, "percent_covered_display": "100", "missing_lines": 0, "excluded_lines": 0}, "missing_lines": [], "excluded_lines": []}, "MiniTransformer.__init__": {"executed_lines": [77, 78, 79, 80, 81, 84, 87, 90, 93], "summary": {"covered_lines": 9, "num_statements": 9, "percent_covered": 100.0, "percent_covered_display": "100", "missing_lines": 0, "excluded_lines": 0}, "missing_lines": [], "excluded_lines": []}, "MiniTransformer.forward": {"executed_lines": [99, 102, 103, 106, 107, 110, 113, 115], "summary": {"covered_lines": 8, "num_statements": 8, "percent_covered": 100.0, "percent_covered_display": "100", "missing_lines": 0, "excluded_lines": 0}, "missing_lines": [], "excluded_lines": []}, "": {"executed_lines": [2, 3, 4, 5, 6, 7, 9, 10, 11, 22, 32, 42, 47, 48, 49, 55, 58, 59, 60, 67, 74, 75, 76, 95], "summary": {"covered_lines": 19, "num_statements": 19, "percent_covered": 100.0, "percent_covered_display": "100", "missing_lines": 0, "excluded_lines": 0}, "missing_lines": [], "excluded_lines": []}}, "classes": {"PositionalEncoding": {"executed_lines": [12, 13, 15, 16, 18, 20, 23, 24, 25, 27, 28, 29, 30, 33, 34, 35, 37, 38, 39, 40, 44, 45], "summary": {"covered_lines": 22, "num_statements": 22, "percent_covered": 100.0, "percent_covered_display": "100", "missing_lines": 0, "excluded_lines": 0}, "missing_lines": [], "excluded_lines": []}, "FeedForward": {"executed_lines": [50, 51, 52, 53, 56], "summary": {"covered_lines": 5, "num_statements": 5, "percent_covered": 100.0, "percent_covered_display": "100", "missing_lines": 0, "excluded_lines": 0}, "missing_lines": [], "excluded_lines": []}, "TransformerBlock": {"executed_lines": [61, 62, 63, 64, 65, 69, 71, 72], "summary": {"covered_lines": 8, "num_statements": 8, "percent_covered": 100.0, "percent_covered_display": "100", "missing_lines": 0, "excluded_lines": 0}, "missing_lines": [], "excluded_lines": []}, "MiniTransformer": {"executed_lines": [77, 78, 79, 80, 81, 84, 87, 90, 93, 99, 102, 103, 106, 107, 110, 113, 115], "summary": {"covered_lines": 17, "num_statements": 17, "percent_covered": 100.0, "percent_covered_display": "100", "missing_lines": 0, "excluded_lines": 0}, "missing_lines": [], "excluded_lines": []}, "": {"executed_lines": [2, 3, 4, 5, 6, 7, 9, 10, 11, 22, 32, 42, 47, 48, 49, 55, 58, 59, 60, 67, 74, 75, 76, 95], "summary": {"covered_lines": 19, "num_statements": 19, "percent_covered": 100.0, "percent_covered_display": "100", "missing_lines": 0, "excluded_lines": 0}, "missing_lines": [], "excluded_lines": []}}}}, "totals": {"covered_lines": 326, "num_statements": 629, "percent_covered": 51.828298887122415, "percent_covered_display": "52", "missing_lines": 303, "excluded_lines": 0}}